Arguments: 
  /home/rodrigo/.nvm/versions/node/v16.14.2/bin/node /home/rodrigo/.nvm/versions/node/v16.14.2/bin/yarn add @react-natigation/native

PATH: 
  /home/rodrigo/.nvm/versions/node/v16.14.2/bin:/usr/local/sbin:/usr/local/bin:/usr/sbin:/usr/bin:/sbin:/bin:/usr/games:/usr/local/games:/snap/bin:/android/Sdk/emulator:/android/Sdk/tools:/android/Sdk/tools/bin:/android/Sdk/platform-tools:/android/Sdk/emulator:/android/Sdk/tools:/android/Sdk/tools/bin:/android/Sdk/platform-tools

Yarn version: 
  1.22.18

Node version: 
  16.14.2

Platform: 
  linux x64

Trace: 
  Error: https://registry.yarnpkg.com/@react-natigation%2fnative: Not found
      at Request.params.callback [as _callback] (/home/rodrigo/.nvm/versions/node/v16.14.2/lib/node_modules/yarn/lib/cli.js:66138:18)
      at Request.self.callback (/home/rodrigo/.nvm/versions/node/v16.14.2/lib/node_modules/yarn/lib/cli.js:140883:22)
      at Request.emit (node:events:526:28)
      at Request.<anonymous> (/home/rodrigo/.nvm/versions/node/v16.14.2/lib/node_modules/yarn/lib/cli.js:141855:10)
      at Request.emit (node:events:526:28)
      at IncomingMessage.<anonymous> (/home/rodrigo/.nvm/versions/node/v16.14.2/lib/node_modules/yarn/lib/cli.js:141777:12)
      at Object.onceWrapper (node:events:645:28)
      at IncomingMessage.emit (node:events:538:35)
      at endReadableNT (node:internal/streams/readable:1345:12)
      at processTicksAndRejections (node:internal/process/task_queues:83:21)

npm manifest: 
  No manifest

yarn manifest: 
  No manifest

Lockfile: 
  No lockfile
